Build started 17.04.2016 23:51:57.
     1>Project "D:\Simi's stuff\Restante\Structuri de date\sdd examen\2011\Nr 1  SDD 2011\Subiect1ExamenSDD\Subiect1ExamenSDD\Subiect1ExamenSDD.vcxproj" on node 2 (Build target(s)).
     1>ClCompile:
         C:\Program Files (x86)\Microsoft Visual Studio 12.0\VC\bin\CL.exe /c /ZI /nologo /W3 /WX- /Od /Oy- /D WIN32 /D _DEBUG /D _CONSOLE /D _LIB /D _UNICODE /D UNICODE /Gm /EHsc /RTC1 /MDd /GS /fp:precise /Zc:wchar_t /Zc:forScope /Fo"Debug\\" /Fd"Debug\vc120.pdb" /Gd /TP /analyze- /errorReport:prompt Source.cpp
         Source.cpp
     1>d:\simi's stuff\restante\structuri de date\sdd examen\2011\nr 1  sdd 2011\subiect1examensdd\subiect1examensdd\source.cpp(59): warning C4996: 'strcpy': This function or variable may be unsafe. Consider using strcpy_s instead. To disable deprecation, use _CRT_SECURE_NO_WARNINGS. See online help for details.
                 c:\program files (x86)\microsoft visual studio 12.0\vc\include\string.h(112) : see declaration of 'strcpy'
     1>d:\simi's stuff\restante\structuri de date\sdd examen\2011\nr 1  sdd 2011\subiect1examensdd\subiect1examensdd\source.cpp(62): warning C4996: 'strcpy': This function or variable may be unsafe. Consider using strcpy_s instead. To disable deprecation, use _CRT_SECURE_NO_WARNINGS. See online help for details.
                 c:\program files (x86)\microsoft visual studio 12.0\vc\include\string.h(112) : see declaration of 'strcpy'
     1>d:\simi's stuff\restante\structuri de date\sdd examen\2011\nr 1  sdd 2011\subiect1examensdd\subiect1examensdd\source.cpp(84): warning C4996: 'fopen': This function or variable may be unsafe. Consider using fopen_s instead. To disable deprecation, use _CRT_SECURE_NO_WARNINGS. See online help for details.
                 c:\program files (x86)\microsoft visual studio 12.0\vc\include\stdio.h(211) : see declaration of 'fopen'
     1>d:\simi's stuff\restante\structuri de date\sdd examen\2011\nr 1  sdd 2011\subiect1examensdd\subiect1examensdd\source.cpp(129): warning C4101: 's' : unreferenced local variable
     1>d:\simi's stuff\restante\structuri de date\sdd examen\2011\nr 1  sdd 2011\subiect1examensdd\subiect1examensdd\source.cpp(175): warning C4996: 'strcpy': This function or variable may be unsafe. Consider using strcpy_s instead. To disable deprecation, use _CRT_SECURE_NO_WARNINGS. See online help for details.
                 c:\program files (x86)\microsoft visual studio 12.0\vc\include\string.h(112) : see declaration of 'strcpy'
     1>d:\simi's stuff\restante\structuri de date\sdd examen\2011\nr 1  sdd 2011\subiect1examensdd\subiect1examensdd\source.cpp(178): warning C4996: 'strcpy': This function or variable may be unsafe. Consider using strcpy_s instead. To disable deprecation, use _CRT_SECURE_NO_WARNINGS. See online help for details.
                 c:\program files (x86)\microsoft visual studio 12.0\vc\include\string.h(112) : see declaration of 'strcpy'
     1>d:\simi's stuff\restante\structuri de date\sdd examen\2011\nr 1  sdd 2011\subiect1examensdd\subiect1examensdd\source.cpp(181): warning C4996: 'strcpy': This function or variable may be unsafe. Consider using strcpy_s instead. To disable deprecation, use _CRT_SECURE_NO_WARNINGS. See online help for details.
                 c:\program files (x86)\microsoft visual studio 12.0\vc\include\string.h(112) : see declaration of 'strcpy'
     1>d:\simi's stuff\restante\structuri de date\sdd examen\2011\nr 1  sdd 2011\subiect1examensdd\subiect1examensdd\source.cpp(269): warning C4996: 'fopen': This function or variable may be unsafe. Consider using fopen_s instead. To disable deprecation, use _CRT_SECURE_NO_WARNINGS. See online help for details.
                 c:\program files (x86)\microsoft visual studio 12.0\vc\include\stdio.h(211) : see declaration of 'fopen'
     1>d:\simi's stuff\restante\structuri de date\sdd examen\2011\nr 1  sdd 2011\subiect1examensdd\subiect1examensdd\source.cpp(274): warning C4996: 'strtok': This function or variable may be unsafe. Consider using strtok_s instead. To disable deprecation, use _CRT_SECURE_NO_WARNINGS. See online help for details.
                 c:\program files (x86)\microsoft visual studio 12.0\vc\include\string.h(204) : see declaration of 'strtok'
     1>d:\simi's stuff\restante\structuri de date\sdd examen\2011\nr 1  sdd 2011\subiect1examensdd\subiect1examensdd\source.cpp(277): warning C4996: 'strtok': This function or variable may be unsafe. Consider using strtok_s instead. To disable deprecation, use _CRT_SECURE_NO_WARNINGS. See online help for details.
                 c:\program files (x86)\microsoft visual studio 12.0\vc\include\string.h(204) : see declaration of 'strtok'
     1>d:\simi's stuff\restante\structuri de date\sdd examen\2011\nr 1  sdd 2011\subiect1examensdd\subiect1examensdd\source.cpp(283): warning C4996: 'strcpy': This function or variable may be unsafe. Consider using strcpy_s instead. To disable deprecation, use _CRT_SECURE_NO_WARNINGS. See online help for details.
                 c:\program files (x86)\microsoft visual studio 12.0\vc\include\string.h(112) : see declaration of 'strcpy'
     1>d:\simi's stuff\restante\structuri de date\sdd examen\2011\nr 1  sdd 2011\subiect1examensdd\subiect1examensdd\source.cpp(285): warning C4996: 'strtok': This function or variable may be unsafe. Consider using strtok_s instead. To disable deprecation, use _CRT_SECURE_NO_WARNINGS. See online help for details.
                 c:\program files (x86)\microsoft visual studio 12.0\vc\include\string.h(204) : see declaration of 'strtok'
     1>d:\simi's stuff\restante\structuri de date\sdd examen\2011\nr 1  sdd 2011\subiect1examensdd\subiect1examensdd\source.cpp(288): warning C4996: 'strtok': This function or variable may be unsafe. Consider using strtok_s instead. To disable deprecation, use _CRT_SECURE_NO_WARNINGS. See online help for details.
                 c:\program files (x86)\microsoft visual studio 12.0\vc\include\string.h(204) : see declaration of 'strtok'
     1>d:\simi's stuff\restante\structuri de date\sdd examen\2011\nr 1  sdd 2011\subiect1examensdd\subiect1examensdd\source.cpp(290): warning C4996: 'strcpy': This function or variable may be unsafe. Consider using strcpy_s instead. To disable deprecation, use _CRT_SECURE_NO_WARNINGS. See online help for details.
                 c:\program files (x86)\microsoft visual studio 12.0\vc\include\string.h(112) : see declaration of 'strcpy'
     1>d:\simi's stuff\restante\structuri de date\sdd examen\2011\nr 1  sdd 2011\subiect1examensdd\subiect1examensdd\source.cpp(291): warning C4996: 'strtok': This function or variable may be unsafe. Consider using strtok_s instead. To disable deprecation, use _CRT_SECURE_NO_WARNINGS. See online help for details.
                 c:\program files (x86)\microsoft visual studio 12.0\vc\include\string.h(204) : see declaration of 'strtok'
     1>d:\simi's stuff\restante\structuri de date\sdd examen\2011\nr 1  sdd 2011\subiect1examensdd\subiect1examensdd\source.cpp(294): warning C4996: 'strcpy': This function or variable may be unsafe. Consider using strcpy_s instead. To disable deprecation, use _CRT_SECURE_NO_WARNINGS. See online help for details.
                 c:\program files (x86)\microsoft visual studio 12.0\vc\include\string.h(112) : see declaration of 'strcpy'
     1>d:\simi's stuff\restante\structuri de date\sdd examen\2011\nr 1  sdd 2011\subiect1examensdd\subiect1examensdd\source.cpp(308): warning C4996: 'scanf': This function or variable may be unsafe. Consider using scanf_s instead. To disable deprecation, use _CRT_SECURE_NO_WARNINGS. See online help for details.
                 c:\program files (x86)\microsoft visual studio 12.0\vc\include\stdio.h(283) : see declaration of 'scanf'
     1>d:\simi's stuff\restante\structuri de date\sdd examen\2011\nr 1  sdd 2011\subiect1examensdd\subiect1examensdd\source.cpp(309): warning C4996: 'strcpy': This function or variable may be unsafe. Consider using strcpy_s instead. To disable deprecation, use _CRT_SECURE_NO_WARNINGS. See online help for details.
                 c:\program files (x86)\microsoft visual studio 12.0\vc\include\string.h(112) : see declaration of 'strcpy'
       Link:
         C:\Program Files (x86)\Microsoft Visual Studio 12.0\VC\bin\link.exe /ERRORREPORT:PROMPT /OUT:"D:\Simi's stuff\Restante\Structuri de date\sdd examen\2011\Nr 1  SDD 2011\Subiect1ExamenSDD\Debug\Subiect1ExamenSDD.exe" /INCREMENTAL /NOLOGO kernel32.lib user32.lib gdi32.lib winspool.lib comdlg32.lib advapi32.lib shell32.lib ole32.lib oleaut32.lib uuid.lib odbc32.lib odbccp32.lib /MANIFEST /MANIFESTUAC:"level='asInvoker' uiAccess='false'" /manifest:embed /DEBUG /PDB:"D:\Simi's stuff\Restante\Structuri de date\sdd examen\2011\Nr 1  SDD 2011\Subiect1ExamenSDD\Debug\Subiect1ExamenSDD.pdb" /SUBSYSTEM:CONSOLE /TLBID:1 /DYNAMICBASE /NXCOMPAT /IMPLIB:"D:\Simi's stuff\Restante\Structuri de date\sdd examen\2011\Nr 1  SDD 2011\Subiect1ExamenSDD\Debug\Subiect1ExamenSDD.lib" /MACHINE:X86 Debug\Source.obj
         Subiect1ExamenSDD.vcxproj -> D:\Simi's stuff\Restante\Structuri de date\sdd examen\2011\Nr 1  SDD 2011\Subiect1ExamenSDD\Debug\Subiect1ExamenSDD.exe
     1>Done Building Project "D:\Simi's stuff\Restante\Structuri de date\sdd examen\2011\Nr 1  SDD 2011\Subiect1ExamenSDD\Subiect1ExamenSDD\Subiect1ExamenSDD.vcxproj" (Build target(s)).

Build succeeded.

Time Elapsed 00:00:01.33
